<?xml version="1.0" encoding="UTF-8"?>
<testng-results ignored="0" total="1" passed="1" failed="0" skipped="0">
  <reporter-output>
  </reporter-output>
  <suite started-at="2021-01-05T15:20:11 PST" name="Default suite" finished-at="2021-01-05T15:20:12 PST" duration-ms="1478">
    <groups>
    </groups>
    <test started-at="2021-01-05T15:20:11 PST" name="Default test" finished-at="2021-01-05T15:20:12 PST" duration-ms="1478">
      <class name="com.qa.localhostcostco.P5_delete">
        <test-method signature="deleteTest()[pri:0, instance:com.qa.localhostcostco.P5_delete@6973bf95]" started-at="2021-01-05T15:20:11 PST" name="deleteTest" finished-at="2021-01-05T15:20:12 PST" duration-ms="1445" status="PASS">
          <reporter-output>
          </reporter-output>
        </test-method> <!-- deleteTest -->
      </class> <!-- com.qa.localhostcostco.P5_delete -->
    </test> <!-- Default test -->
  </suite> <!-- Default suite -->
</testng-results>
